Info:2024/10/04 16:38:55 Getting files from C:\Users\suren\Go_Code\Einv_Sol\Solutions directory
Info:2024/10/04 16:38:55 Got all files from the target directory
Info:2024/10/04 16:38:55 Opening EINV-Ref_Export.json file...
Info:2024/10/04 16:38:55 Opening EINV_Ref_01_Export.json file...
Info:2024/10/04 16:38:55 Monthly component list is now ready!!
Info:2024/10/04 16:38:55 Filtering monthly components...
Info:2024/10/04 16:38:55 Constructing payload...
Info:2024/10/04 16:38:55 Provide a solutionId based on the tracklist!..
Info:2024/10/04 16:38:59 Payload constructed.
Info:2024/10/04 16:38:59 Calling API: https://einv.crayonte.com/api/expsolution
Info:2024/10/04 16:39:00 Calling API: https://einv.crayonte.com/api/export_solution/01_202410_02
Info:2024/10/04 16:39:00 Status Code: 200
Info:2024/10/04 16:39:00 Solution file created.
Info:2024/10/04 16:57:27 Getting files from C:\Users\suren\Go_Code\Einv_Sol\Solutions directory
Info:2024/10/04 16:57:27 Got all files from the target directory
Info:2024/10/04 16:57:27 Opening EINV-Ref_Export.json file...
Info:2024/10/04 16:57:27 Opening EINV_Ref_01_Export.json file...
Info:2024/10/04 16:57:27 Monthly component list is now ready!!
Info:2024/10/04 16:57:27 Filtering monthly components...
Info:2024/10/04 16:57:27 Constructing payload...
Info:2024/10/04 16:57:27 Provide a solutionId based on the tracklist!..
Info:2024/10/04 16:57:38 Payload constructed.
Info:2024/10/04 16:57:38 Calling API: https://einv.crayonte.com/api/expsolution
Info:2024/10/04 16:57:38 Calling API: https://einv.crayonte.com/api/export_solution/01_202410_03
Info:2024/10/04 16:57:38 Status Code: 200
Info:2024/10/04 16:57:38 Solution file created.
Info:2024/10/07 15:46:52 **********************************************************************************************
Info:2024/10/07 15:46:52 Getting files from C:\Users\suren\Go_Code\Einv_Sol\Solutions directory
Info:2024/10/07 15:46:52 Got all files from the target directory
Info:2024/10/07 15:46:52 Opening EINV-Ref_Export.json file...
Info:2024/10/07 15:46:52 Opening EINV_Ref_01_Export.json file...
Info:2024/10/07 15:46:52 Monthly component list is now ready!!
Info:2024/10/07 15:46:52 Filtering monthly components...
Info:2024/10/07 15:46:52 Constructing payload...
Info:2024/10/07 15:46:52 Provide a solutionId based on the tracklist!..
Info:2024/10/07 15:47:14 Payload constructed.
Info:2024/10/07 15:47:14 Calling API: https://einv.crayonte.com/api/expsolution
Info:2024/10/07 15:47:14 Status Code: 401
Info:2024/10/07 17:21:12 Runtime arguments: [C:\Users\suren\Go_Code\Einv_Sol\einv_sol.exe -h]
Info:2024/10/07 17:21:12 Application to consolidate e-invois solutions and create only one solution with the updated components
	
	Points To Remember:
	
	
	.env 		- file is mandatory to maintain cral URLs and api key.
	Solutions 	- is the mandatory directory where all solutions have to be placed.
Info:2024/10/07 17:22:19 Runtime arguments: [C:\Users\suren\Go_Code\Einv_Sol\einv_sol.exe -h]
Info:2024/10/07 17:22:19 
	
	Application to consolidate e-invois solutions and create only one solution with the updated components
	
	Points To Remember:
	
	
	.env 		- file is mandatory to maintain cral URLs and api key.
	Solutions 	- is the mandatory directory where all solutions have to be placed.
Info:2024/10/07 17:22:50 Runtime arguments: [C:\Users\suren\Go_Code\Einv_Sol\einv_sol.exe -ha]
Info:2024/10/07 17:22:50 
	
	Please provide a valid argument.
	
	-h or -?	- for more details.
Info:2024/10/07 17:22:57 Runtime arguments: [C:\Users\suren\Go_Code\Einv_Sol\einv_sol.exe -?]
Info:2024/10/07 17:22:57 
	
	Application to consolidate e-invois solutions and create only one solution with the updated components
	
	Points To Remember:
	
	
	.env 		- file is mandatory to maintain cral URLs and api key.
	Solutions 	- is the mandatory directory where all solutions have to be placed.
Info:2024/10/07 17:24:15 **********************************************************************************************
Info:2024/10/07 17:24:15 Getting files from C:\Users\suren\Go_Code\Einv_Sol\Solutions directory
Info:2024/10/07 17:24:15 Got all files from the target directory
Info:2024/10/07 17:24:15 Opening EINV-Ref_Export.json file...
Info:2024/10/07 17:24:15 Opening EINV_Ref_01_Export.json file...
Info:2024/10/07 17:24:15 Monthly component list is now ready!!
Info:2024/10/07 17:24:15 Filtering monthly components...
Info:2024/10/07 17:24:15 Constructing payload...
Info:2024/10/07 17:24:15 Provide a solutionId based on the tracklist!..
Info:2024/10/07 17:24:27 Payload constructed.
Info:2024/10/07 17:24:27 Calling API: https://einv.crayonte.com/api/expsolution
Info:2024/10/07 17:24:27 Status Code: 200
Info:2024/10/07 17:24:27 Calling API: https://einv.crayonte.com/api/export_solution/07_202410_01
Info:2024/10/07 17:24:27 Status Code: 200
Info:2024/10/07 17:24:27 Solution file created.
Info:2024/12/10 15:06:07 **********************************************************************************************
Info:2024/12/10 15:06:07 Getting files from C:\Users\suren\Go_Code\Einv_Sol\Solutions directory
Info:2024/12/10 15:06:07 Got all files from the target directory
Info:2024/12/10 15:06:07 Opening 1.003_01_Export.json file...
Info:2024/12/10 15:06:07 Opening 1.003_02_Export.json file...
Info:2024/12/10 15:06:07 Opening 1.003_03_Export.json file...
Info:2024/12/10 15:06:07 Opening 1.003_04_Export.json file...
Info:2024/12/10 15:06:07 Opening 1.003_05_Export.json file...
Info:2024/12/10 15:06:07 Opening 1.003_06_Export.json file...
Info:2024/12/10 15:06:07 Opening 1.003_07_Export.json file...
Info:2024/12/10 15:06:07 Opening 1.003_08_Export.json file...
Info:2024/12/10 15:06:07 Monthly component list is now ready!!
Info:2024/12/10 15:06:07 Filtering monthly components...
Info:2024/12/10 15:06:07 Constructing payload...
Info:2024/12/10 15:06:07 Provide a solutionId based on the tracklist!..
Info:2024/12/10 15:06:23 Payload constructed.
Info:2024/12/10 15:06:23 Calling API: https://einv.crayonte.com/api/expsolution
Info:2024/12/10 15:06:24 Status Code: 200
Info:2024/12/10 15:06:24 Calling API: https://einv.crayonte.com/api/export_solution/1.003
Info:2024/12/10 15:06:24 Status Code: 200
Info:2024/12/10 15:06:24 Solution file created.
Info:2024/12/10 15:09:37 **********************************************************************************************
Info:2024/12/10 15:09:37 Getting files from C:\Users\suren\Go_Code\Einv_Sol\Solutions directory
Info:2024/12/10 15:09:37 Got all files from the target directory
Info:2024/12/10 15:09:37 Opening 1.003_01_Export.json file...
Info:2024/12/10 15:09:37 Opening 1.003_02_Export.json file...
Info:2024/12/10 15:09:37 Opening 1.003_03_Export.json file...
Info:2024/12/10 15:09:37 Opening 1.003_04_Export.json file...
Info:2024/12/10 15:09:37 Opening 1.003_05_Export.json file...
Info:2024/12/10 15:09:37 Opening 1.003_06_Export.json file...
Info:2024/12/10 15:09:37 Opening 1.003_07_Export.json file...
Info:2024/12/10 15:09:37 Opening 1.003_08_Export.json file...
Info:2024/12/10 15:09:37 Monthly component list is now ready!!
Info:2024/12/10 15:09:37 Filtering monthly components...
Info:2024/12/10 15:09:37 Constructing payload...
Info:2024/12/10 15:09:37 Provide a solutionId based on the tracklist!..
Info:2024/12/10 15:09:43 Payload constructed.
Info:2024/12/10 15:09:43 Calling API: https://crayonte.einvois.in/api/expsolution
Info:2024/12/10 15:09:43 Status Code: 200
Info:2024/12/10 15:09:43 Calling API: https://crayonte.einvois.in/api/export_solution/1.003
Info:2024/12/10 15:09:44 Status Code: 200
Info:2024/12/10 15:09:44 Solution file created.
Info:2025/01/02 10:40:14 **********************************************************************************************
Info:2025/01/02 10:40:14 Getting files from C:\Users\suren\Go_Code\Einv_Sol\Solutions directory
Info:2025/01/02 10:40:14 Got all files from the target directory
Info:2025/01/02 10:40:14 Opening 1.004_01_Export.json file...
Info:2025/01/02 10:40:14 Opening 1.004_02_Export.json file...
Info:2025/01/02 10:40:14 Opening 1.004_03_Export.json file...
Info:2025/01/02 10:40:14 Opening 1.004_04_Export.json file...
Info:2025/01/02 10:40:14 Opening 1.004_05_Export.json file...
Info:2025/01/02 10:40:14 Opening 1.004_06_Export.json file...
Info:2025/01/02 10:40:14 Opening 1.004_07_Export.json file...
Info:2025/01/02 10:40:14 Opening 1.004_08_Export.json file...
Info:2025/01/02 10:40:14 Opening 1.004_09_Export.json file...
Info:2025/01/02 10:40:14 Monthly component list is now ready!!
Info:2025/01/02 10:40:14 Filtering monthly components...
Info:2025/01/02 10:40:14 Constructing payload...
Info:2025/01/02 10:40:14 Provide a solutionId based on the tracklist!..
Info:2025/01/02 10:40:25 Payload constructed.
Info:2025/01/02 10:40:25 Calling API: https://crayonte.einvois.in/api/expsolution
Info:2025/01/02 10:40:26 Status Code: 200
Info:2025/01/02 10:40:26 Calling API: https://crayonte.einvois.in/api/export_solution/1.004
Info:2025/01/02 10:40:26 Status Code: 200
Info:2025/01/02 10:40:26 Solution file created.
Info:2025/02/04 12:36:11 **********************************************************************************************
Info:2025/02/04 12:36:11 Getting files from C:\Users\suren\Go_Code\Einv_Sol\Solutions directory
Info:2025/02/04 12:36:11 Got all files from the target directory
Info:2025/02/04 12:36:11 Opening 1.005_01_Export.json file...
Info:2025/02/04 12:36:11 Opening 1.005_02_Export.json file...
Info:2025/02/04 12:36:11 Opening 1.005_03_Export.json file...
Info:2025/02/04 12:36:11 Opening 1.005_04_Export.json file...
Info:2025/02/04 12:36:11 Opening 1.005_05_Export.json file...
Info:2025/02/04 12:36:11 Opening 1.005_06_Export.json file...
Info:2025/02/04 12:36:11 Monthly component list is now ready!!
Info:2025/02/04 12:36:11 Filtering monthly components...
Info:2025/02/04 12:36:11 Constructing payload...
Info:2025/02/04 12:36:11 Provide a solutionId based on the tracklist!..
Info:2025/02/04 12:36:31 Payload constructed.
Info:2025/02/04 12:36:31 Calling API: https://crayonte.einvois.in/api/expsolution
Info:2025/02/04 12:36:32 Status Code: 200
Info:2025/02/04 12:36:32 Calling API: https://crayonte.einvois.in/api/export_solution/1.005
Info:2025/02/04 12:36:32 Status Code: 200
Info:2025/02/04 12:36:32 Solution file created.
Info:2025/03/04 15:08:12 **********************************************************************************************
Info:2025/03/04 15:08:12 Getting files from C:\Users\suren\Go_Code\Einv_Sol\Solutions directory
Info:2025/03/04 15:08:12 Got all files from the target directory
Info:2025/03/04 15:08:12 Opening 1.006_01_Export.json file...
Info:2025/03/04 15:08:12 Opening 1.006_02_Export.json file...
Info:2025/03/04 15:08:12 Opening 1.006_03_Export.json file...
Info:2025/03/04 15:08:12 Opening 1.006_04_Export.json file...
Info:2025/03/04 15:08:12 Monthly component list is now ready!!
Info:2025/03/04 15:08:12 Filtering monthly components...
Info:2025/03/04 15:08:12 Constructing payload...
Info:2025/03/04 15:08:12 Provide a solutionId based on the tracklist!..
Info:2025/03/04 15:08:29 Payload constructed.
Info:2025/03/04 15:08:29 Calling API: https://crayonte.einvois.in/api/expsolution
Info:2025/03/04 15:08:30 Status Code: 200
Info:2025/03/04 15:08:30 Calling API: https://crayonte.einvois.in/api/export_solution/1.006
Info:2025/03/04 15:08:30 Status Code: 200
Info:2025/03/04 15:08:30 Solution file created.
Info:2025/04/02 12:39:22 **********************************************************************************************
Info:2025/04/02 12:39:22 Getting files from C:\Users\suren\Go_Code\Einv_Sol\Solutions directory
Info:2025/04/02 12:39:22 Got all files from the target directory
Info:2025/04/02 12:39:22 Opening 1.007_01_Export.json file...
Info:2025/04/02 12:39:22 Opening 1.007_02_Export.json file...
Info:2025/04/02 12:39:22 Opening 1.007_03_Export.json file...
Info:2025/04/02 12:39:22 Opening 1.007_04_Export.json file...
Info:2025/04/02 12:39:22 Opening 1.007_05_Export.json file...
Info:2025/04/02 12:39:22 Opening 1.007_06_Export.json file...
Info:2025/04/02 12:39:22 Opening 1.007_07_Export.json file...
Info:2025/04/02 12:39:22 Monthly component list is now ready!!
Info:2025/04/02 12:39:22 Filtering monthly components...
Info:2025/04/02 12:39:22 Constructing payload...
Info:2025/04/02 12:39:22 Provide a solutionId based on the tracklist!..
Info:2025/04/02 12:39:33 Payload constructed.
Info:2025/04/02 12:39:33 Calling API: https://crayonte.einvois.in/api/expsolution
Info:2025/04/02 12:39:34 Status Code: 200
Info:2025/04/02 12:39:34 Calling API: https://crayonte.einvois.in/api/export_solution/1.007
Info:2025/04/02 12:39:34 Status Code: 200
Info:2025/04/02 12:39:34 Solution file created.
Info:2025/05/27 17:43:25 **********************************************************************************************
Info:2025/05/27 17:43:25 Getting files from C:\Users\suren\Go_Code\Einv_Sol\Solutions directory
Info:2025/05/27 17:43:25 Got all files from the target directory
Info:2025/05/27 17:43:25 Opening 1.008_01_Export.json file...
Info:2025/05/27 17:43:25 Opening 1.008_02_Export.json file...
Info:2025/05/27 17:43:25 Opening 1.008_03_Export.json file...
Info:2025/05/27 17:43:25 Monthly component list is now ready!!
Info:2025/05/27 17:43:25 Filtering monthly components...
Info:2025/05/27 17:43:25 Constructing payload...
Info:2025/05/27 17:43:25 Provide a solutionId based on the tracklist!..
Info:2025/05/27 17:43:37 Payload constructed.
Info:2025/05/27 17:43:37 Calling API: https://crayonte.einvois.in/api/expsolution
Info:2025/05/27 17:43:44 Status Code: 200
Info:2025/05/27 17:43:44 Calling API: https://crayonte.einvois.in/api/export_solution/1.008
Info:2025/05/27 17:43:45 Status Code: 200
Info:2025/05/27 17:43:45 Solution file created.
